


                   **  CALCULATED COLUMN DENSITIES  **


 H           =   2.039E+20   H+          =   8.301E+13   H-          =   1.596E+08
 H2+         =   9.470E+08   H3+         =   1.633E+11   He          =   2.660E+22
 He+         =   1.652E+12   HeH+        =   1.714E+07   C-          =   2.946E+05
 C+          =   7.683E+15   C           =   8.475E+14   CH+         =   8.483E+08
 CH          =   1.013E+12   CH-         =   8.727E+00   N+          =   9.368E+09
 N           =   1.292E+16   CH2         =   2.822E+11   CH2+        =   1.181E+09
 CH3+        =   4.372E+09   NH+         =   7.140E+06   CH3         =   7.960E+09
 NH          =   3.017E+13   CH4+        =   1.572E+05   CH4         =   1.483E+10
 O+          =   3.586E+07   NH2         =   9.521E+13   NH2+        =   8.484E+07
 O-          =   8.962E+06   O           =   7.335E+16   NH3+        =   1.396E+11
 OH          =   1.604E+16   NH3         =   9.744E+16   OH-         =   3.657E+10
 OH+         =   6.594E+08   CH5+        =   7.111E+06   NH4+        =   3.843E+13
 H2O         =   3.357E+19   H2O+        =   6.371E+09   F           =   9.685E+13
 H3O+        =   4.625E+12   F+          =   8.537E+04   HF+         =   1.739E+04
 HF          =   1.468E+15   H2F+        =   3.862E+09   Na+         =   0.000E+00
 Na          =   0.000E+00   Mg          =   0.000E+00   C2+         =   5.871E+07
 C2-         =   3.937E+01   C2          =   4.395E+10   Mg+         =   0.000E+00
 C2H-        =   4.854E-02   C2H         =   5.001E+09   C2H+        =   2.772E+07
 CN+         =   2.993E+05   CN-         =   5.415E+10   C2H2        =   2.207E+08
 C2H2+       =   1.026E+08   CN          =   3.423E+13   Al          =   0.000E+00
 HCN+        =   8.598E+05   Al+         =   0.000E+00   HCN         =   4.039E+16
 HNC         =   2.973E+13   C2H3+       =   9.002E+05   C2H3        =   7.824E+05
 AlH+        =   0.000E+00   H2NC+       =   1.034E+10   AlH         =   0.000E+00
 H2NC        =   7.511E+10   CO          =   4.693E+19   C2H4+       =   2.929E+05
 C2H4        =   3.379E+04   N2+         =   1.718E+06   Si          =   2.482E+15
 CO+         =   2.954E+08   HCNH+       =   6.318E+11   H2CN        =   7.512E+10
 Si+         =   5.525E+15   N2          =   6.252E+18   HCO         =   1.146E+10
 H2NCH+      =   1.657E+07   HCO+        =   7.829E+10   AlH2        =   0.000E+00
 SiH+        =   1.903E+09   HOC+        =   2.214E+09   SiH         =   8.438E+09
 CH2NH       =   1.364E+10   H2CNH+      =   9.954E+06   C2H5+       =   6.714E-01
 N2H+        =   4.628E+09   C2H5        =   1.891E+00   AlH3        =   0.000E+00
 CH4N+       =   3.977E+09   CH3NH       =   1.179E+06   NO          =   1.077E+14
 SiH2+       =   2.739E+08   CH3CH3      =   5.216E-07   H2CO        =   6.783E+08
 H2CO+       =   3.501E+06   CH2NH2+     =   8.641E+05   SiH2        =   6.949E+07
 NO+         =   7.417E+10   CH3CH3+     =   9.190E-08   CH2NH2      =   3.529E+06
 P           =   5.373E+12   C2H7+       =   5.026E-15   CH2OH       =   3.412E+07
 CH3NH2      =   2.941E+07   P+          =   1.051E+13   SiH3        =   2.711E+02
 H2COH+      =   9.212E+04   SiH3+       =   6.620E+06   CF+         =   2.012E+09
 HNO+        =   1.155E+07   CH3NH2+     =   3.275E+04   CH3O        =   3.393E+07
 HNO         =   1.386E+13   O2-         =   1.939E-08   PH+         =   3.035E+07
 O2          =   8.735E+14   S+          =   4.570E+15   H2NO+       =   3.136E+08
 CH3NH3+     =   1.256E+07   S-          =   1.523E+07   SiH4        =   4.399E+03
 CH3OH+      =   2.638E+03   S           =   6.621E+15   O2+         =   5.570E+10
 PH          =   6.171E+11   CH3OH       =   1.052E+10   SiH4+       =   1.199E-07
 CH3OH2+     =   1.659E+08   HS+         =   6.038E+11   O2H+        =   3.015E+03
 O2H         =   8.555E+04   SiH5+       =   1.470E+01   PH2+        =   1.463E+07
 HS          =   1.494E+15   PH2         =   1.472E+06   H2S+        =   1.255E+12
 H2S         =   2.728E+18   PH3         =   3.060E-07   PH3+        =   2.345E+04
 H2O2        =   1.033E-01   H2O2+       =   2.071E-07   H3S+        =   1.119E+13
 Cl          =   9.870E+13   PH4+        =   1.684E-12   Cl+         =   2.700E+10
 C3+         =   3.392E+05   HCl         =   1.466E+15   HCl+        =   2.544E+08
 C3-         =   1.474E-02   C3          =   7.006E+06   C3H-        =   1.869E-01
 C3H         =   4.004E+06   H2Cl+       =   2.695E+08   C3H+        =   2.196E+05
 CNC+        =   2.325E+07   C2N         =   1.487E+09   C2N+        =   8.436E+05
 C3H2        =   6.269E+06   H2CCC       =   1.262E+04   C3H2+       =   2.384E+03
 HCCN        =   4.218E+09   H2CCCH+     =   1.352E+05   C2NH+       =   2.661E+06
 C3H3+       =   1.881E+04   CH2CCH      =   2.590E+00   C2O+        =   6.341E+02
 Ca+         =   0.000E+00   C2O         =   7.212E+05   Ar          =   0.000E+00
 C3H4+       =   7.611E-03   CH2CN       =   9.473E+03   CH3CCH      =   9.289E+00
 CH2CN+      =   5.699E+05   CH2CCH2     =   9.340E+00   Ca          =   0.000E+00
 MgO         =   0.000E+00   SiC         =   1.153E+11   Ar+         =   0.000E+00
 SiC+        =   1.504E+08   HC2O+       =   1.313E+04   HCSi        =   1.093E+11
 ArH+        =   0.000E+00   HCSi+       =   1.243E+08   HCCO        =   1.549E+04
 MgOH        =   0.000E+00   C3H5+       =   6.431E-04   CH3CN+      =   8.778E+01
 CH3CN       =   2.461E+10   CH2CCH3+    =   6.160E-05   C3H5        =   5.472E-12
 CNO         =   3.305E-04   SiN+        =   6.274E+10   SiN         =   3.356E+12
 CH3CHCH2    =   3.501E-10   SiCH2       =   2.125E+07   H2CCO+      =   2.557E+04
 SiCH2+      =   1.186E+10   CH2CO       =   2.009E+08   CH3CNH+     =   6.415E+09
 OCN+        =   5.349E+02   C3H6+       =   6.856E-14   OCN         =   2.516E+10
 C3H7+       =   7.028E-16   CP          =   3.966E+08   HNCO+       =   3.309E+07
 HOCN+       =   5.687E+02   HCNO+       =   4.149E-04   HCNO        =   5.757E+05
 HNCO        =   4.704E+07   HOCN        =   4.683E+07   SiCH3+      =   1.084E+03
 HNSi+       =   1.086E+04   SiCH3       =   2.890E+05   HNSi        =   3.076E+12
 AlO         =   0.000E+00   HONC        =   9.386E+01   HONC+       =   1.260E-07
 CP+         =   1.072E+02   CH3CO+      =   6.582E+07   CS          =   8.691E+15
 CO2+        =   1.739E+03   CH3CHO+     =   6.971E-03   CH2CHOH     =   7.745E+01
 H2CNO+      =   3.042E+01   N2O+        =   7.374E+05   H2OCN+      =   5.259E+03
 CO2         =   4.685E+16   N2O         =   3.528E+09   HNCOH+      =   3.168E+07
 HCNOH+      =   3.182E+01   SiCH4+      =   4.459E+03   SiNH2+      =   8.218E+10
 CH3CHO      =   3.448E+01   SiO         =   4.232E+18   CS+         =   2.187E+08
 SiO+        =   4.581E+11   H2NCO+      =   3.227E+03   AlOH        =   0.000E+00
 HCP+        =   9.600E+01   CH2CHOH+    =   1.732E-03   HCP         =   4.451E+05
 CH2CHOH2+   =   4.984E-04   HCO2+       =   3.976E+08   PN+         =   1.322E+08
 NH2CHO      =   4.325E-02   PCH2+       =   3.169E+03   CH3OCH2     =   8.487E-03
 CH2CH2OH    =   1.377E-02   CH3CHOH+    =   7.419E-01   CH3OCH2+    =   2.079E-09
 SiOH        =   1.561E+03   PN          =   2.350E+15   NH2CHO+     =   3.265E-07
 SiOH+       =   7.343E+13   CH3CHOH     =   3.047E-03   HCS+        =   5.306E+10
 HSiO        =   1.106E+01   HCS         =   1.572E+13   HN2O+       =   2.890E+03
 NS          =   3.397E+12   NO2+        =   5.286E+05   NH3CHO+     =   9.047E-07
 H2SiO+      =   1.898E+04   CH3OCH3     =   1.522E+00   NO2         =   2.199E+10
 H2SiO       =   1.958E+02   C2H5OH      =   8.616E-02   PCH3+       =   3.001E-02
 H2CS        =   5.113E+11   CH2PH       =   3.220E-01   NS+         =   3.633E+10
 H2CS+       =   4.295E+08   AlF         =   0.000E+00   HPN+        =   2.295E+10
 HCOOH       =   3.735E+10   C2H5OH+     =   4.393E-05   CH3OCH3+    =   1.349E-04
 HCOOH+      =   6.181E+06   H3SiO+      =   8.336E+00   C2H5OH2+    =   4.696E-03
 HCOOH2+     =   8.252E+08   HNS+        =   4.936E+06   CCl+        =   2.573E+07
 PO          =   1.211E+16   CCl         =   2.278E+04   SiF+        =   4.747E+10
 PNH2+       =   4.554E+06   H2CSH+      =   7.185E+10   PCH4+       =   9.134E-03
 CH3OCH4+    =   1.462E+00   PO+         =   1.248E+10   HCCl        =   6.813E+04
 CH3SH+      =   4.994E-03   HCCl+       =   1.432E-03   C4+         =   3.459E+03
 CH3SH       =   2.880E-14   SO+         =   1.782E+13   Ti          =   0.000E+00
 HPO         =   2.065E+08   HPO+        =   7.035E+09   C4          =   7.984E+04
 SO          =   4.777E+17   PNH3+       =   1.326E+04   Ti+         =   0.000E+00
 MgC2        =   0.000E+00   C4-         =   4.666E+02   HSO+        =   6.661E+11
 NaCN        =   0.000E+00   C4H-        =   1.125E-03   H2CCl+      =   1.308E+03
 C4H         =   2.178E+05   C4H+        =   4.415E+03   CH2Cl       =   1.298E+06
 CH3SH2+     =   6.535E-19   MgC2H+      =   0.000E+00   H2PO+       =   2.674E+06
 MgC2H       =   0.000E+00   MgC2H2+     =   0.000E+00   NaCNH+      =   0.000E+00
 CH3Cl       =   1.296E+06   CH3Cl+      =   5.629E+02   C3N-        =   7.856E+02
 MgNC        =   0.000E+00   C3N         =   2.168E+06   C4H2        =   5.688E+03
 C3N+        =   6.137E+00   C4H2+       =   2.779E+02   MgCN        =   0.000E+00
 HMgNC       =   0.000E+00   HC3N        =   5.056E+04   HCCNC+      =   4.012E-03
 MgNCH+      =   0.000E+00   HC3N+       =   1.690E+01   HCCNC       =   1.052E+02
 C4H3+       =   1.272E+02   ClO         =   1.543E-07   CH3ClH+     =   6.171E+05
 HNC3        =   2.241E+01   ClO+        =   5.444E-14   C4H3        =   7.309E+01
 C3O+        =   6.513E-01   C4H4+       =   7.333E-01   C3O         =   4.898E+03
 HC3NH+      =   2.143E+01   NCCN        =   3.377E+09   CH2CHCCH    =   4.101E-05
 C2N2+       =   1.642E+03   SiC2        =   2.082E+09   HMgNCH+     =   0.000E+00
 HCCNCH+     =   1.198E-02   SiC2+       =   1.566E+06   CH2CHCN+    =   2.006E-02
 C4H5+       =   1.002E-06   HC3O        =   8.781E+03   NCCNH+      =   4.712E+04
 HC3O+       =   4.547E+00   CH2CHCN     =   7.024E+01   SiC2H       =   2.265E+05
 SiC2H+      =   9.665E+06   CH2CHCCH2+  =   5.286E-12   SiC2H2+     =   1.415E+03
 SiNC+       =   1.820E+09   SiNC        =   3.793E+08   HC3OH+      =   2.666E+02
 SiC2H2      =   1.908E+05   CH2CHCHCH2  =   7.124E-10   HCCCHO      =   4.684E+00
 CH2CHCNH+   =   2.302E-03   HCCCHOH+    =   2.830E-05   CCP         =   1.604E+04
 CCP+        =   6.441E+00   SiNCH+      =   1.056E+07   C2H5CN      =   3.748E+01
 C4H7+       =   2.515E-11   SiC2H3+     =   9.033E+03   H2C3OH+     =   6.405E+01
 HCOCN       =   2.409E+03   HCOCN+      =   8.556E-01   Fe          =   0.000E+00
 CaO         =   0.000E+00   H2COCN+     =   9.005E-03   C2H5CNH+    =   6.818E+00
 CH2CHCHO+   =   9.013E-07   HC2P        =   1.000E-01   HNCOCH+     =   9.005E-03
 C2S         =   4.119E+08   HC2P+       =   1.557E+02   C2S+        =   2.435E+05
 Fe+         =   0.000E+00   CH2CHCHO    =   8.657E-04   HCCS        =   6.531E+07
 CaOH        =   0.000E+00   CH3NCO+     =   5.545E-06   PC2H2+      =   1.727E-03
 CH2CHCHOH+  =   2.728E-09   HC2S+       =   1.114E+06   CH3NCO      =   1.366E+00
 NCS         =   1.792E+11   CH3NCOH+    =   2.174E-04   PC2H3+      =   5.280E-07
 NCS+        =   2.297E+01   H2C2S+      =   4.186E+03   CH3COCH3+   =   2.830E-11
 H2CCS       =   2.771E+03   CH3COCH3    =   4.710E-08   NaCl        =   0.000E+00
 H3C2S+      =   6.174E-03   HSCN        =   1.078E+07   NaClH+      =   0.000E+00
 HSCN+       =   2.820E+01   HNCS+       =   2.777E+01   HNCS        =   1.131E+07
 CH3COCH4+   =   2.388E-09   CH3CS+      =   7.982E+00   AlO2        =   0.000E+00
 PC2H4+      =   1.278E-07   CH3COOH     =   4.527E-04   C5-         =   1.086E+01
 HCOOCH3     =   4.762E-02   SiS+        =   2.471E+10   C5          =   6.285E+02
 SiS         =   1.491E+17   SiO2        =   1.111E+11   H2NCS+      =   4.993E+05
 HOCHCHOH    =   5.891E+01   OCS+        =   2.586E+09   HNCSH+      =   9.932E+05
 OCS         =   5.097E+12   HOCHCHOH+   =   4.885E-04   CH3COOH+    =   9.864E-10
 C5+         =   4.090E+01   H2SCN+      =   4.276E+05   HOCH2CHO    =   1.334E-03
 HCOOCH3+    =   2.062E-08   HOCH2CHO+   =   6.353E-09   CH3COOH2+   =   1.717E-08
 HOCH2CH2O+  =   2.932E-08   C3CCH+      =   6.777E-04   C3CCH       =   4.419E+00
 HSiS        =   5.536E+12   SiSH+       =   3.934E+09   C5H+        =   3.576E+01
 HSiO2+      =   2.847E+05   H2COOCH3+   =   3.316E-02   C5H         =   5.942E+02
 OCSH+       =   2.144E+06   C5H-        =   8.001E+00   HOCHCHOH2+  =   4.640E-04
 H2SiS       =   1.790E+08   H2SiS+      =   1.117E+08   C3HCCH+     =   2.238E-05
 C5H2+       =   2.205E+00   C5H2        =   1.386E+04   C3HCCH      =   1.469E-01
 C3CCH2+     =   2.948E-07   C4N         =   3.206E+02   AlCl        =   0.000E+00
 C4N+        =   3.993E-01   AlHCl       =   0.000E+00   H3SiS+      =   1.977E+03
 HC4N        =   9.499E+00   C5H3+       =   6.821E-04   HC4N+       =   1.021E-03
 C3HCCH2+    =   1.065E-08   H2CCCHCCH   =   1.763E-04   CH2C3N      =   5.983E+00
 CH3C4H+     =   1.230E-06   C4O+        =   7.444E-01   C4O         =   1.029E+03
 S2          =   1.316E+13   TiO+        =   0.000E+00   AlH2Cl      =   0.000E+00
 H2C4N+      =   8.546E-04   SO2         =   5.805E+17   SO2+        =   1.320E+10
 TiO         =   0.000E+00   SiC3+       =   7.667E+03   CH3C4H      =   1.087E-04
 S2+         =   5.119E+12   C5H4+       =   1.946E-20   SiC3        =   1.629E+06
 CH3C3N+     =   7.143E-04   H2CCCHCN    =   6.415E-02   HOSO+       =   2.280E+10
 C5H5        =   9.277E-13   C5H5+       =   2.596E-07   HCCCH2CN    =   4.648E-03
 HC4O        =   8.502E+02   CH3C3N      =   7.999E-01   TiOH+       =   0.000E+00
 HC4O+       =   5.906E+00   SiC3H+      =   9.384E+03   HS2+        =   2.963E+11
 CH2C3NH+    =   7.810E-04   SiC3H       =   8.369E+00   HS2         =   5.363E+12
 SiC3H2+     =   3.472E-02   H2S2+       =   3.384E+10   H2CCCHCNH+  =   1.078E-07
 H2S2        =   3.933E+12   C5H6        =   1.804E-14   CH3C3NH+    =   1.559E-03
 C5H6+       =   8.928E-19   HCCCH2CNH+  =   6.513E-09   HC4OH+      =   3.261E-01
 H2C4OH+     =   3.528E+00   H3S2+       =   3.542E+11   SiC3H3+     =   2.218E-02
 NCCNCH3+    =   7.628E-03   C5H7+       =   7.331E-19   CH3CHCHCN+  =   4.018E-17
 CH3CHCHCN   =   4.194E-13   C3P         =   2.440E-03   CH3CHCHCNH+ =   5.749E-18
 C3S         =   1.913E+06   PC3H+       =   1.910E-05   C3S+        =   7.691E+03
 HC3S        =   1.234E+03   HC3S+       =   9.913E+03   HCSC2H      =   1.347E+01
 Cl2         =   1.470E-37   HC3SH+      =   8.366E-02   H2CCCS      =   4.207E-01
 Al2O        =   0.000E+00   H3C3S+      =   7.627E-06   HCSCN       =   7.583E+07
 HCSC2H2+    =   4.296E-04   C6          =   8.556E+01   C6-         =   8.080E+00
 HCSCNH+     =   9.234E+03   C6+         =   1.093E+01   FeO         =   0.000E+00
 C6H         =   9.940E+02   C6H+        =   1.129E+01   MgC4H       =   0.000E+00
 FeOH        =   0.000E+00   C6H-        =   4.092E+01   C5N+        =   1.124E-03
 NaC3NH+     =   0.000E+00   C6H2        =   1.644E+04   C5N         =   5.936E-02
 C6H2+       =   7.067E+00   MgC3N       =   0.000E+00   MgC4H2+     =   0.000E+00
 C5N-        =   4.212E-03   C6H3+       =   6.699E-05   HC4NC+      =   8.071E-07
 HC4NC       =   1.083E-02   HC5N        =   3.361E-01   HC5N+       =   1.434E-03
 MgC3NH+     =   0.000E+00   SiC4+       =   3.163E+02   SiC4        =   2.777E-02
 C5O         =   9.549E+00   C6H4+       =   2.548E-07   HC5NH+      =   5.047E-04
 C6H4        =   1.439E-07   C5O+        =   1.069E-02   NC4N        =   1.411E+04
 HC4NCH+     =   7.044E-11   C6H5+       =   1.405E-10   H3C5N+      =   4.855E-08
 C6H5        =   5.462E-09   SiC4H+      =   4.376E-05   HC5O        =   8.871E+00
 HC5O+       =   5.316E-03   NC4NH+      =   5.216E-01   HCCCHCHCN   =   2.100E-06
 H2CCHC3N+   =   9.283E-13   HCCCHCHCN+  =   4.235E-12   H2CCHC3N    =   9.834E-08
 C6H6+       =   4.181E-12   HCCCHCHCNH+ =   2.422E-10   C6H6        =   3.154E-08
 HC5OH+      =   3.690E-02   H2CCHC3NH+  =   2.447E-12   H2C5OH+     =   1.668E-03
 C4P         =   1.509E-04   C4P+        =   1.312E-09   C6H7+       =   1.109E-11
 TiO2+       =   0.000E+00   C4S         =   7.505E+01   C4S+        =   4.028E+02
 TiO2        =   0.000E+00   PC4H+       =   1.612E-06   HC4S        =   2.439E+00
 HC4S+       =   6.519E-01   TiO2H+      =   0.000E+00   HC4SH+      =   8.715E-03
 C7+         =   4.584E+00   C7          =   2.324E+01   C7-         =   7.433E+00
 C7H-        =   2.062E+01   C7H         =   1.831E+02   C7H+        =   7.045E+00
 Al2O2       =   0.000E+00   C7H2        =   8.801E+03   C7H2+       =   4.625E+00
 C7H3+       =   2.990E-05   C7H4+       =   2.507E-09   H2CCCHC4H   =   1.009E-07
 CH3C6H      =   2.474E-07   C6O+        =   9.994E-03   C6O         =   8.010E+00
 HC6O        =   5.514E+00   HC6O+       =   5.036E-02   H2CCCHC3N   =   3.078E-09
 H2CCCHC3N+  =   2.044E-14   CH3C6H2+    =   6.402E-10   CH3C5N      =   8.137E-08
 H2CCCHC4H2+ =   6.402E-10   HC6OH+      =  -6.750+162   C5H5CCH     =   1.147E-15
 CH3C5NH+    =   4.127E-10   H2CCCHC3NH+ =   9.554E-15   C5H4CCH2    =   1.038E-16
 C5H5CCH2+   =   4.869E-21   C5H4CCH3+   =   1.176E-25   H2C6OH+     =   1.804E-10
 C5H5CN      =   2.972E-16   C5H5CNH+    =   8.473E-21   C5S+        =   2.413E-03
 C5S         =   1.059E-01   HC5S+       =   1.677E-08   C8          =   5.636E+01
 C8-         =   7.089E+00   C8+         =   4.871E+00   C8H         =   4.149E+02
 C8H+        =   3.903E+00   AlCl2       =   6.953-310   C8H-        =   1.239E+01
 MgC6H       =   0.000E+00   NaC5NH+     =   6.953-310   C7N-        =   6.795E-04
 C8H2        =   6.112E+03   MgC6H2+     =   0.000E+00   C8H2+       =   4.512E+00
 MgC5N       =   0.000E+00   AlHCl2      =   0.000E+00   C7N         =   8.960E-03
 C7N+        =   2.312E-04   HC7N+       =   4.075E-04   C8H3+       =   1.259E-05
 HC7N        =   2.348E-01   MgC5NH+     =   0.000E+00   HC7NH+      =   1.209E-06
 C7O+        =   5.261E-03   C7O         =   2.635E+00   C8H4+       =   1.459E-09
 C8H5+       =   6.600E-14   HC7O+       =   1.580E-02   H3C7N+      =   1.338E-11
 HC7O        =   2.260E+00   C6H5CCH     =   7.267E-15   Al2O3       =   0.000E+00
 HC7OH+      =   6.583E-03   C6H5CCH+    =   2.047E-18   C6H5CCH2+   =   1.174E-23
 H2C7OH+     =   8.210E-08   C6H5CN      =   1.366E-14   C6H5CNH+    =   4.319E-21
 C9+         =   3.925E+00   C9          =   9.545E+00   C9-         =   4.546E+00
 C9H-        =   5.403E+00   C9H         =   4.875E+01   C9H+        =   3.749E+00
 C9H2        =   2.402E+03   C9H2+       =   1.456E+00   C9H3+       =   3.921E-06
 C9H4+       =   4.907E-10   CH3C8H      =   1.131E-16   C8O+        =   3.102E-03
 C8O         =   1.130E+00   CH3C7N      =   2.188E-08   C9H5+       =   3.135E-19
 HC8O+       =   7.735E-03   HC8O        =   1.153E+00   CH3C7NH+    =   1.880E-10
 HC8OH+      =  -1.833E-03   H2C8OH+     =   3.326E-08   C10+        =   3.181E+00
 C10         =   9.026E-01   C10-        =   1.284E-01   C10H-       =   2.483E-01
 C10H+       =   1.640E-01   C10H        =   8.140E+00   MgC8H       =   0.000E+00
 C9N-        =   1.799E-04   MgC8H2+     =   6.953-310   MgC7N       =   2.253-314
 C9N         =   2.182E-03   C10H2+      =   3.523E-01   C9N+        =   1.554E-04
 C10H2       =   1.638E+02   NaC7NH+     =   6.953-310   MgC7NH+     =   0.000E+00
 C10H3+      =   1.995E-08   HC9N+       =   1.068E-04   HC9N        =   4.625E-02
 C9O+        =   2.150E-03   C9O         =   5.758E-01   HC9NH+      =   1.748E-07
 HC9O+       =   2.776E-03   HC9O        =   1.204E+00   C10H5+      =   1.179E-13
 H3C9N+      =   6.211E-12   HC9OH+      =   3.003E-03   H2C9OH+     =   1.288E-08
 C11+        =   6.336E-02   C11         =   6.537E-02   AlCl3       =   0.000E+00
 C11-        =   1.001E-02   C11H+       =   1.166E-02   C11H        =   6.030E-01
 C11H-       =   1.916E-02   C11H2+      =   2.636E-02   C11H2       =   1.178E+01
 C11H3+      =   2.502E-09   CH3C9N      =   1.940E-09   CH3C9NH+    =   2.024E-11
 C12+        =  -1.142E+54   C12         =   2.729E-04   C11N        =   9.794E-07
 C11N-       =   9.337E-08   NaC9NH+     =   6.953-310   HC11N       =   5.982E-05
 HC11N+      =   5.691E-08   HC11NH+     =   3.464E-11   H2C11NH+    =   1.198E+48
 e-          =   1.808E+16   H2          =   1.563E+23
